<?xml version="1.0" encoding="UTF-8"?>
<!-- Generated by org.testng.reporters.JUnitReportReporter -->
<testsuite hostname="DESKTOP-BN58NSU" failures="0" tests="3" name="casestudy.testng" time="13.712" errors="0" timestamp="20 Oct 2022 10:08:20 GMT">
  <testcase classname="casestudy.testng" name="test5" time="2.269"/>
  <testcase classname="casestudy.testng" name="test2" time="4.787"/>
  <testcase classname="casestudy.testng" name="test3" time="6.656"/>
</testsuite> <!-- casestudy.testng -->
