<?xml version="1.0" encoding="UTF-8"?>
<!-- Generated by org.testng.reporters.JUnitReportReporter -->
<testsuite hostname="DESKTOP-BN58NSU" failures="0" tests="3" name="casestudy.testng" time="9.230" errors="0" timestamp="20 Oct 2022 15:33:59 GMT">
  <testcase classname="casestudy.testng" name="test2" time="2.143"/>
  <testcase classname="casestudy.testng" name="test3" time="5.865"/>
  <testcase classname="casestudy.testng" name="test5" time="1.222"/>
</testsuite> <!-- casestudy.testng -->
